F:\BAIDUNETDISKDOWNLOAD\QT.OPENMESH.VC.SAMPLEPROJECT\QTMODELVIEWER\DEBUG\QTMODELVIEWER.EXE
F:\BAIDUNETDISKDOWNLOAD\QT.OPENMESH.VC.SAMPLEPROJECT\QTMODELVIEWER\DEBUG\QTMODELVIEWER.ILK
F:\BAIDUNETDISKDOWNLOAD\QT.OPENMESH.VC.SAMPLEPROJECT\QTMODELVIEWER\DEBUG\QTMODELVIEWER.PDB
F:\BAIDUNETDISKDOWNLOAD\QT.OPENMESH.VC.SAMPLEPROJECT\QTMODELVIEWER\QTMODELVIEWER\DEBUG\ABOUTFORM.OBJ
F:\BaiduNetdiskDownload\QT.OpenMesh.VC.SampleProject\QTModelViewer\QTModelViewer\Debug\cl.command.1.tlog
F:\BaiduNetdiskDownload\QT.OpenMesh.VC.SampleProject\QTModelViewer\QTModelViewer\Debug\CL.read.1.tlog
F:\BaiduNetdiskDownload\QT.OpenMesh.VC.SampleProject\QTModelViewer\QTModelViewer\Debug\CL.write.1.tlog
F:\BAIDUNETDISKDOWNLOAD\QT.OPENMESH.VC.SAMPLEPROJECT\QTMODELVIEWER\QTMODELVIEWER\DEBUG\CMODELSIMPLIFIER.OBJ
F:\BaiduNetdiskDownload\QT.OpenMesh.VC.SampleProject\QTModelViewer\QTModelViewer\Debug\custombuild.command.1.tlog
F:\BaiduNetdiskDownload\QT.OpenMesh.VC.SampleProject\QTModelViewer\QTModelViewer\Debug\custombuild.read.1.tlog
F:\BaiduNetdiskDownload\QT.OpenMesh.VC.SampleProject\QTModelViewer\QTModelViewer\Debug\custombuild.write.1.tlog
F:\BAIDUNETDISKDOWNLOAD\QT.OPENMESH.VC.SAMPLEPROJECT\QTMODELVIEWER\QTMODELVIEWER\DEBUG\DRAWWIDGET.OBJ
F:\BaiduNetdiskDownload\QT.OpenMesh.VC.SampleProject\QTModelViewer\QTModelViewer\Debug\link.command.1.tlog
F:\BaiduNetdiskDownload\QT.OpenMesh.VC.SampleProject\QTModelViewer\QTModelViewer\Debug\link.read.1.tlog
F:\BaiduNetdiskDownload\QT.OpenMesh.VC.SampleProject\QTModelViewer\QTModelViewer\Debug\link.write.1.tlog
F:\BaiduNetdiskDownload\QT.OpenMesh.VC.SampleProject\QTModelViewer\QTModelViewer\Debug\link-cvtres.read.1.tlog
F:\BaiduNetdiskDownload\QT.OpenMesh.VC.SampleProject\QTModelViewer\QTModelViewer\Debug\link-cvtres.write.1.tlog
F:\BAIDUNETDISKDOWNLOAD\QT.OPENMESH.VC.SAMPLEPROJECT\QTMODELVIEWER\QTMODELVIEWER\DEBUG\MAIN.OBJ
F:\BAIDUNETDISKDOWNLOAD\QT.OPENMESH.VC.SAMPLEPROJECT\QTMODELVIEWER\QTMODELVIEWER\DEBUG\MAINFORM.OBJ
F:\BAIDUNETDISKDOWNLOAD\QT.OPENMESH.VC.SAMPLEPROJECT\QTMODELVIEWER\QTMODELVIEWER\DEBUG\MOC_ABOUTFORM.OBJ
F:\BAIDUNETDISKDOWNLOAD\QT.OPENMESH.VC.SAMPLEPROJECT\QTMODELVIEWER\QTMODELVIEWER\DEBUG\MOC_DRAWWIDGET.OBJ
F:\BAIDUNETDISKDOWNLOAD\QT.OPENMESH.VC.SAMPLEPROJECT\QTMODELVIEWER\QTMODELVIEWER\DEBUG\MOC_MAINFORM.OBJ
F:\BaiduNetdiskDownload\QT.OpenMesh.VC.SampleProject\QTModelViewer\QTModelViewer\Debug\mt.command.1.tlog
F:\BaiduNetdiskDownload\QT.OpenMesh.VC.SampleProject\QTModelViewer\QTModelViewer\Debug\mt.read.1.tlog
F:\BaiduNetdiskDownload\QT.OpenMesh.VC.SampleProject\QTModelViewer\QTModelViewer\Debug\mt.write.1.tlog
F:\BAIDUNETDISKDOWNLOAD\QT.OPENMESH.VC.SAMPLEPROJECT\QTMODELVIEWER\QTMODELVIEWER\DEBUG\OPTION.OBJ
F:\BAIDUNETDISKDOWNLOAD\QT.OPENMESH.VC.SAMPLEPROJECT\QTMODELVIEWER\QTMODELVIEWER\DEBUG\QRC_QTMODELVIEWER.OBJ
F:\BAIDUNETDISKDOWNLOAD\QT.OPENMESH.VC.SAMPLEPROJECT\QTMODELVIEWER\QTMODELVIEWER\DEBUG\QTMODELVIEWER.EXE.INTERMEDIATE.MANIFEST
F:\BAIDUNETDISKDOWNLOAD\QT.OPENMESH.VC.SAMPLEPROJECT\QTMODELVIEWER\QTMODELVIEWER\DEBUG\QTMODELVIEWER.PCH
F:\BAIDUNETDISKDOWNLOAD\QT.OPENMESH.VC.SAMPLEPROJECT\QTMODELVIEWER\QTMODELVIEWER\DEBUG\QTMODELVIEWER.RES
F:\BaiduNetdiskDownload\QT.OpenMesh.VC.SampleProject\QTModelViewer\QTModelViewer\Debug\QTModelViewer.vcxprojResolveAssemblyReference.cache
F:\BaiduNetdiskDownload\QT.OpenMesh.VC.SampleProject\QTModelViewer\QTModelViewer\Debug\QTModelViewer.write.1.tlog
F:\BaiduNetdiskDownload\QT.OpenMesh.VC.SampleProject\QTModelViewer\QTModelViewer\Debug\rc.command.1.tlog
F:\BaiduNetdiskDownload\QT.OpenMesh.VC.SampleProject\QTModelViewer\QTModelViewer\Debug\rc.read.1.tlog
F:\BaiduNetdiskDownload\QT.OpenMesh.VC.SampleProject\QTModelViewer\QTModelViewer\Debug\rc.write.1.tlog
F:\BAIDUNETDISKDOWNLOAD\QT.OPENMESH.VC.SAMPLEPROJECT\QTMODELVIEWER\QTMODELVIEWER\DEBUG\STDAFX.OBJ
F:\BAIDUNETDISKDOWNLOAD\QT.OPENMESH.VC.SAMPLEPROJECT\QTMODELVIEWER\QTMODELVIEWER\DEBUG\VC100.PDB
F:\BAIDUNETDISKDOWNLOAD\QT.OPENMESH.VC.SAMPLEPROJECT\QTMODELVIEWER\QTMODELVIEWER\GENERATEDFILES\DEBUG\MOC_ABOUTFORM.CPP
F:\BAIDUNETDISKDOWNLOAD\QT.OPENMESH.VC.SAMPLEPROJECT\QTMODELVIEWER\QTMODELVIEWER\GENERATEDFILES\DEBUG\MOC_DRAWWIDGET.CPP
F:\BAIDUNETDISKDOWNLOAD\QT.OPENMESH.VC.SAMPLEPROJECT\QTMODELVIEWER\QTMODELVIEWER\GENERATEDFILES\DEBUG\MOC_MAINFORM.CPP
F:\BAIDUNETDISKDOWNLOAD\QT.OPENMESH.VC.SAMPLEPROJECT\QTMODELVIEWER\QTMODELVIEWER\GENERATEDFILES\QRC_QTMODELVIEWER.CPP
F:\BAIDUNETDISKDOWNLOAD\QT.OPENMESH.VC.SAMPLEPROJECT\QTMODELVIEWER\QTMODELVIEWER\GENERATEDFILES\UI_ABOUTFORM.H
F:\BAIDUNETDISKDOWNLOAD\QT.OPENMESH.VC.SAMPLEPROJECT\QTMODELVIEWER\QTMODELVIEWER\GENERATEDFILES\UI_MAINFORM.H
