C:\USERS\SZY\DESKTOP\QT.OPENMESH.VC.SAMPLEPROJECT\QTMODELVIEWER\QTMODELVIEWER\GENERATEDFILES\QRC_QTMODELVIEWER.CPP
C:\USERS\SZY\DESKTOP\QT.OPENMESH.VC.SAMPLEPROJECT\QTMODELVIEWER\QTMODELVIEWER\GENERATEDFILES\RELEASE\MOC_ABOUTFORM.CPP
C:\USERS\SZY\DESKTOP\QT.OPENMESH.VC.SAMPLEPROJECT\QTMODELVIEWER\QTMODELVIEWER\GENERATEDFILES\RELEASE\MOC_DRAWWIDGET.CPP
C:\USERS\SZY\DESKTOP\QT.OPENMESH.VC.SAMPLEPROJECT\QTMODELVIEWER\QTMODELVIEWER\GENERATEDFILES\RELEASE\MOC_MAINFORM.CPP
C:\USERS\SZY\DESKTOP\QT.OPENMESH.VC.SAMPLEPROJECT\QTMODELVIEWER\QTMODELVIEWER\GENERATEDFILES\UI_ABOUTFORM.H
C:\USERS\SZY\DESKTOP\QT.OPENMESH.VC.SAMPLEPROJECT\QTMODELVIEWER\QTMODELVIEWER\GENERATEDFILES\UI_MAINFORM.H
C:\USERS\SZY\DESKTOP\QT.OPENMESH.VC.SAMPLEPROJECT\QTMODELVIEWER\QTMODELVIEWER\RELEASE\ABOUTFORM.OBJ
C:\Users\szy\Desktop\QT.OpenMesh.VC.SampleProject\QTModelViewer\QTModelViewer\Release\cl.command.1.tlog
C:\Users\szy\Desktop\QT.OpenMesh.VC.SampleProject\QTModelViewer\QTModelViewer\Release\CL.read.1.tlog
C:\Users\szy\Desktop\QT.OpenMesh.VC.SampleProject\QTModelViewer\QTModelViewer\Release\CL.write.1.tlog
C:\Users\szy\Desktop\QT.OpenMesh.VC.SampleProject\QTModelViewer\QTModelViewer\Release\custombuild.command.1.tlog
C:\Users\szy\Desktop\QT.OpenMesh.VC.SampleProject\QTModelViewer\QTModelViewer\Release\custombuild.read.1.tlog
C:\Users\szy\Desktop\QT.OpenMesh.VC.SampleProject\QTModelViewer\QTModelViewer\Release\custombuild.write.1.tlog
C:\USERS\SZY\DESKTOP\QT.OPENMESH.VC.SAMPLEPROJECT\QTMODELVIEWER\QTMODELVIEWER\RELEASE\DRAWWIDGET.OBJ
C:\Users\szy\Desktop\QT.OpenMesh.VC.SampleProject\QTModelViewer\QTModelViewer\Release\link.command.1.tlog
C:\Users\szy\Desktop\QT.OpenMesh.VC.SampleProject\QTModelViewer\QTModelViewer\Release\link.read.1.tlog
C:\Users\szy\Desktop\QT.OpenMesh.VC.SampleProject\QTModelViewer\QTModelViewer\Release\link.write.1.tlog
C:\Users\szy\Desktop\QT.OpenMesh.VC.SampleProject\QTModelViewer\QTModelViewer\Release\link-cvtres.read.1.tlog
C:\Users\szy\Desktop\QT.OpenMesh.VC.SampleProject\QTModelViewer\QTModelViewer\Release\link-cvtres.write.1.tlog
C:\USERS\SZY\DESKTOP\QT.OPENMESH.VC.SAMPLEPROJECT\QTMODELVIEWER\QTMODELVIEWER\RELEASE\MAIN.OBJ
C:\USERS\SZY\DESKTOP\QT.OPENMESH.VC.SAMPLEPROJECT\QTMODELVIEWER\QTMODELVIEWER\RELEASE\MAINFORM.OBJ
C:\USERS\SZY\DESKTOP\QT.OPENMESH.VC.SAMPLEPROJECT\QTMODELVIEWER\QTMODELVIEWER\RELEASE\MOC_ABOUTFORM.OBJ
C:\USERS\SZY\DESKTOP\QT.OPENMESH.VC.SAMPLEPROJECT\QTMODELVIEWER\QTMODELVIEWER\RELEASE\MOC_DRAWWIDGET.OBJ
C:\USERS\SZY\DESKTOP\QT.OPENMESH.VC.SAMPLEPROJECT\QTMODELVIEWER\QTMODELVIEWER\RELEASE\MOC_MAINFORM.OBJ
C:\Users\szy\Desktop\QT.OpenMesh.VC.SampleProject\QTModelViewer\QTModelViewer\Release\mt.command.1.tlog
C:\Users\szy\Desktop\QT.OpenMesh.VC.SampleProject\QTModelViewer\QTModelViewer\Release\mt.read.1.tlog
C:\Users\szy\Desktop\QT.OpenMesh.VC.SampleProject\QTModelViewer\QTModelViewer\Release\mt.write.1.tlog
C:\USERS\SZY\DESKTOP\QT.OPENMESH.VC.SAMPLEPROJECT\QTMODELVIEWER\QTMODELVIEWER\RELEASE\OPTION.OBJ
C:\USERS\SZY\DESKTOP\QT.OPENMESH.VC.SAMPLEPROJECT\QTMODELVIEWER\QTMODELVIEWER\RELEASE\QRC_QTMODELVIEWER.OBJ
C:\USERS\SZY\DESKTOP\QT.OPENMESH.VC.SAMPLEPROJECT\QTMODELVIEWER\QTMODELVIEWER\RELEASE\QTMODELVIEWER.EXE.INTERMEDIATE.MANIFEST
C:\USERS\SZY\DESKTOP\QT.OPENMESH.VC.SAMPLEPROJECT\QTMODELVIEWER\QTMODELVIEWER\RELEASE\QTMODELVIEWER.PCH
C:\USERS\SZY\DESKTOP\QT.OPENMESH.VC.SAMPLEPROJECT\QTMODELVIEWER\QTMODELVIEWER\RELEASE\QTMODELVIEWER.RES
C:\Users\szy\Desktop\QT.OpenMesh.VC.SampleProject\QTModelViewer\QTModelViewer\Release\QTModelViewer.write.1.tlog
C:\Users\szy\Desktop\QT.OpenMesh.VC.SampleProject\QTModelViewer\QTModelViewer\Release\rc.command.1.tlog
C:\Users\szy\Desktop\QT.OpenMesh.VC.SampleProject\QTModelViewer\QTModelViewer\Release\rc.read.1.tlog
C:\Users\szy\Desktop\QT.OpenMesh.VC.SampleProject\QTModelViewer\QTModelViewer\Release\rc.write.1.tlog
C:\USERS\SZY\DESKTOP\QT.OPENMESH.VC.SAMPLEPROJECT\QTMODELVIEWER\QTMODELVIEWER\RELEASE\STDAFX.OBJ
C:\USERS\SZY\DESKTOP\QT.OPENMESH.VC.SAMPLEPROJECT\QTMODELVIEWER\RELEASE\QTMODELVIEWER.EXE
C:\USERS\SZY\DESKTOP\QT.OPENMESH.VC.SAMPLEPROJECT\QTMODELVIEWER\RELEASE\QTMODELVIEWER.ILK
C:\USERS\SZY\DESKTOP\QT.OPENMESH.VC.SAMPLEPROJECT\QTMODELVIEWER\RELEASE\QTMODELVIEWER.PDB
